Removed Pin From Net: NetName=PGND Pin=U?-0
Added Component: Designator=R20(J1-0603)
Added Component: Designator=R21(J1-0603)
Added Component: Designator=R22(J1-0603)
Added Component: Designator=R23(J1-0603)
Added Component: Designator=VREF(HDR1X2)
Added Pin To Net: NetName=ABVREF Pin=R20-1
Added Pin To Net: NetName=V3P3 Pin=R20-2
Added Pin To Net: NetName=PGND Pin=R21-1
Added Pin To Net: NetName=ABVREF Pin=R21-2
Added Pin To Net: NetName=CDVREF Pin=R22-1
Added Pin To Net: NetName=V3P3 Pin=R22-2
Added Pin To Net: NetName=PGND Pin=R23-1
Added Pin To Net: NetName=CDVREF Pin=R23-2
Added Pin To Net: NetName=CDVREF Pin=VREF-1
Added Pin To Net: NetName=ABVREF Pin=VREF-2
Added Member To Class: ClassName=Main_v0.1 Member=Component R20 Res3
Added Member To Class: ClassName=Main_v0.1 Member=Component R21 Res3
Added Member To Class: ClassName=Main_v0.1 Member=Component R22 Res3
Added Member To Class: ClassName=Main_v0.1 Member=Component R23 Res3
Added Member To Class: ClassName=Main_v0.1 Member=Component VREF Header 2
