Removed Pin From Net: NetName=ABVREF Pin=R20-1
Removed Pin From Net: NetName=ABVREF Pin=R21-2
Removed Pin From Net: NetName=CDVREF Pin=R22-1
Removed Pin From Net: NetName=CDVREF Pin=R23-2
Removed Pin From Net: NetName=PGND Pin=U?-0
Change Component DesignItemId : Designator=R1 Old DesignItemId=Res3 New DesignItemId=Res1
Change Component DesignItemId : Designator=R2 Old DesignItemId=Res3 New DesignItemId=Res1
Change Component DesignItemId : Designator=R10 Old DesignItemId=Res3 New DesignItemId=Res1
Change Component DesignItemId : Designator=R11 Old DesignItemId=Res3 New DesignItemId=Res1
Change Component DesignItemId : Designator=R12 Old DesignItemId=Res3 New DesignItemId=Res1
Change Component DesignItemId : Designator=R13 Old DesignItemId=Res3 New DesignItemId=Res1
Change Component DesignItemId : Designator=R20 Old DesignItemId=Res3 New DesignItemId=Res1
Change Component DesignItemId : Designator=R21 Old DesignItemId=Res3 New DesignItemId=Res1
Change Component DesignItemId : Designator=R22 Old DesignItemId=Res3 New DesignItemId=Res1
Change Component DesignItemId : Designator=R23 Old DesignItemId=Res3 New DesignItemId=Res1
Change Component Footprint: Designator=R1 Old Footprint=J1-0603 New Footprint=AXIAL-0.3
Change Component Footprint: Designator=R2 Old Footprint=J1-0603 New Footprint=AXIAL-0.3
Change Component Footprint: Designator=R10 Old Footprint=J1-0603 New Footprint=AXIAL-0.3
Change Component Footprint: Designator=R11 Old Footprint=J1-0603 New Footprint=AXIAL-0.3
Change Component Footprint: Designator=R12 Old Footprint=J1-0603 New Footprint=AXIAL-0.3
Change Component Footprint: Designator=R13 Old Footprint=J1-0603 New Footprint=AXIAL-0.3
Change Component Footprint: Designator=R20 Old Footprint=J1-0603 New Footprint=AXIAL-0.3
Change Component Footprint: Designator=R21 Old Footprint=J1-0603 New Footprint=AXIAL-0.3
Change Component Footprint: Designator=R22 Old Footprint=J1-0603 New Footprint=AXIAL-0.3
Change Component Footprint: Designator=R23 Old Footprint=J1-0603 New Footprint=AXIAL-0.3
Change Component Comment : Designator=R1 Old Comment=Res3 New Comment=Res1
Change Component Comment : Designator=R2 Old Comment=Res3 New Comment=Res1
Change Component Comment : Designator=R10 Old Comment=Res3 New Comment=Res1
Change Component Comment : Designator=R11 Old Comment=Res3 New Comment=Res1
Change Component Comment : Designator=R12 Old Comment=Res3 New Comment=Res1
Change Component Comment : Designator=R13 Old Comment=Res3 New Comment=Res1
Change Component Comment : Designator=R20 Old Comment=Res3 New Comment=Res1
Change Component Comment : Designator=R21 Old Comment=Res3 New Comment=Res1
Change Component Comment : Designator=R22 Old Comment=Res3 New Comment=Res1
Change Component Comment : Designator=R23 Old Comment=Res3 New Comment=Res1
Added Pin To Net: NetName=CDVREF Pin=R20-1
Added Pin To Net: NetName=CDVREF Pin=R21-2
Added Pin To Net: NetName=ABVREF Pin=R22-1
Added Pin To Net: NetName=ABVREF Pin=R23-2
