Added Component: Designator=C1(C1206)
Added Component: Designator=C2(C1206)
Added Component: Designator=R1(J1-0603)
Added Component: Designator=R2(J1-0603)
Added Component: Designator=R10(J1-0603)
Added Component: Designator=R11(J1-0603)
Added Component: Designator=R12(J1-0603)
Added Component: Designator=R13(J1-0603)
Added Component: Designator=R20(J1-0603)
Added Component: Designator=R21(J1-0603)
Added Component: Designator=R22(J1-0603)
Added Component: Designator=R23(J1-0603)
Added Component: Designator=Serial DATA(HDR1X5)
Added Component: Designator=U?(TSSOP50P810X120_HS-49N)
Added Component: Designator=VREF(HDR1X2)
Added Pin To Net: NetName=ABVREF Pin=R20-1
Added Pin To Net: NetName=ABVREF Pin=R21-2
Added Pin To Net: NetName=ABVREF Pin=U?-17
Added Pin To Net: NetName=ABVREF Pin=VREF-2
Added Net: Name=ABVREF
Added Pin To Net: NetName=AOUT1 Pin=U?-3
Added Net: Name=AOUT1
Added Pin To Net: NetName=AOUT2 Pin=U?-5
Added Net: Name=AOUT2
Added Pin To Net: NetName=BOUT1 Pin=U?-46
Added Net: Name=BOUT1
Added Pin To Net: NetName=BOUT2 Pin=U?-48
Added Net: Name=BOUT2
Added Pin To Net: NetName=CDVREF Pin=R22-1
Added Pin To Net: NetName=CDVREF Pin=R23-2
Added Pin To Net: NetName=CDVREF Pin=U?-18
Added Pin To Net: NetName=CDVREF Pin=VREF-1
Added Net: Name=CDVREF
Added Pin To Net: NetName=COUT1 Pin=U?-25
Added Net: Name=COUT1
Added Pin To Net: NetName=COUT2 Pin=U?-27
Added Net: Name=COUT2
Added Pin To Net: NetName=DOUT1 Pin=U?-20
Added Net: Name=DOUT1
Added Pin To Net: NetName=DOUT2 Pin=U?-22
Added Net: Name=DOUT2
Added Pin To Net: NetName=NetC1_1 Pin=C1-1
Added Pin To Net: NetName=NetC1_1 Pin=U?-8
Added Net: Name=NetC1_1
Added Pin To Net: NetName=NetC1_2 Pin=C1-2
Added Pin To Net: NetName=NetC1_2 Pin=U?-7
Added Net: Name=NetC1_2
Added Pin To Net: NetName=NetC2_2 Pin=C2-2
Added Pin To Net: NetName=NetC2_2 Pin=U?-9
Added Net: Name=NetC2_2
Added Pin To Net: NetName=NetR10_1 Pin=R10-1
Added Pin To Net: NetName=NetR10_1 Pin=U?-4
Added Net: Name=NetR10_1
Added Pin To Net: NetName=NetR11_1 Pin=R11-1
Added Pin To Net: NetName=NetR11_1 Pin=U?-47
Added Net: Name=NetR11_1
Added Pin To Net: NetName=NetR12_1 Pin=R12-1
Added Pin To Net: NetName=NetR12_1 Pin=U?-26
Added Net: Name=NetR12_1
Added Pin To Net: NetName=NetR13_1 Pin=R13-1
Added Pin To Net: NetName=NetR13_1 Pin=U?-21
Added Net: Name=NetR13_1
Added Pin To Net: NetName=PGND Pin=C2-1
Added Pin To Net: NetName=PGND Pin=R10-2
Added Pin To Net: NetName=PGND Pin=R11-2
Added Pin To Net: NetName=PGND Pin=R12-2
Added Pin To Net: NetName=PGND Pin=R13-2
Added Pin To Net: NetName=PGND Pin=R21-1
Added Pin To Net: NetName=PGND Pin=R23-1
Added Pin To Net: NetName=PGND Pin=Serial DATA-1
Added Pin To Net: NetName=PGND Pin=U?-10
Added Pin To Net: NetName=PGND Pin=U?-11
Added Pin To Net: NetName=PGND Pin=U?-12
Added Pin To Net: NetName=PGND Pin=U?-13
Added Pin To Net: NetName=PGND Pin=U?-14
Added Pin To Net: NetName=PGND Pin=U?-15
Added Pin To Net: NetName=PGND Pin=U?-34
Added Pin To Net: NetName=PGND Pin=U?-35
Added Pin To Net: NetName=PGND Pin=U?-36
Added Pin To Net: NetName=PGND Pin=U?-37
Added Pin To Net: NetName=PGND Pin=U?-38
Added Pin To Net: NetName=PGND Pin=U?-39
Added Net: Name=PGND
Added Pin To Net: NetName=SCLK Pin=R2-2
Added Pin To Net: NetName=SCLK Pin=Serial DATA-2
Added Pin To Net: NetName=SCLK Pin=U?-33
Added Net: Name=SCLK
Added Pin To Net: NetName=SCS Pin=Serial DATA-5
Added Pin To Net: NetName=SCS Pin=U?-45
Added Net: Name=SCS
Added Pin To Net: NetName=SDATA Pin=R1-2
Added Pin To Net: NetName=SDATA Pin=Serial DATA-3
Added Pin To Net: NetName=SDATA Pin=U?-31
Added Net: Name=SDATA
Added Pin To Net: NetName=SSTB Pin=Serial DATA-4
Added Pin To Net: NetName=SSTB Pin=U?-30
Added Net: Name=SSTB
Added Pin To Net: NetName=V3P3 Pin=R1-1
Added Pin To Net: NetName=V3P3 Pin=R2-1
Added Pin To Net: NetName=V3P3 Pin=R20-2
Added Pin To Net: NetName=V3P3 Pin=R22-2
Added Pin To Net: NetName=V3P3 Pin=U?-16
Added Pin To Net: NetName=V3P3 Pin=U?-42
Added Pin To Net: NetName=V3P3 Pin=U?-43
Added Net: Name=V3P3
Added Pin To Net: NetName=VM Pin=U?-1
Added Pin To Net: NetName=VM Pin=U?-2
Added Pin To Net: NetName=VM Pin=U?-23
Added Pin To Net: NetName=VM Pin=U?-24
Added Net: Name=VM
Added Class: Name=Main_v0.1
Added Room: Name=Main_v0.1
